The target system is: Android - 15 - armv5te
The host system is: Darwin - 16.3.0 - x86_64
Determining if the C compiler works passed with the following output:
Change Dir: /Users/alizohrevand/Desktop/Project/Android/HelloJNI/app/.externalNativeBuild/cmake/armRelease/armeabi/CMakeFiles/CMakeTmp

Run Build Command:"/Users/alizohrevand/Documents/ProgramingSdk/Android/sdk/cmake/3.6.3155560/bin/ninja" "cmTC_78d1d"
[1/2] Building C object CMakeFiles/cmTC_78d1d.dir/testCCompiler.c.o
[2/2] Linking C executable cmTC_78d1d


Detecting C compiler ABI info compiled with the following output:
Change Dir: /Users/alizohrevand/Desktop/Project/Android/HelloJNI/app/.externalNativeBuild/cmake/armRelease/armeabi/CMakeFiles/CMakeTmp

Run Build Command:"/Users/alizohrevand/Documents/ProgramingSdk/Android/sdk/cmake/3.6.3155560/bin/ninja" "cmTC_c1c4f"
[1/2] Building C object CMakeFiles/cmTC_c1c4f.dir/CMakeCCompilerABI.c.o
[2/2] Linking C executable cmTC_c1c4f
Android clang version 3.8.256229  (based on LLVM 3.8.256229)
Target: armv5te-none-linux-android
Thread model: posix
InstalledDir: /Users/alizohrevand/Documents/ProgramingSdk/Android/sdk/ndk-bundle/toolchains/llvm/prebuilt/darwin-x86_64/bin
Found candidate GCC installation: /Users/alizohrevand/Documents/ProgramingSdk/Android/sdk/ndk-bundle/toolchains/arm-linux-androideabi-4.9/prebuilt/darwin-x86_64/lib/gcc/arm-linux-androideabi/4.9.x
Selected GCC installation: /Users/alizohrevand/Documents/ProgramingSdk/Android/sdk/ndk-bundle/toolchains/arm-linux-androideabi-4.9/prebuilt/darwin-x86_64/lib/gcc/arm-linux-androideabi/4.9.x
Candidate multilib: .;@m32
Selected multilib: .;@m32
 "/Users/alizohrevand/Documents/ProgramingSdk/Android/sdk/ndk-bundle/toolchains/arm-linux-androideabi-4.9/prebuilt/darwin-x86_64/lib/gcc/arm-linux-androideabi/4.9.x/../../../../arm-linux-androideabi/bin/ld" --sysroot=/Users/alizohrevand/Documents/ProgramingSdk/Android/sdk/ndk-bundle/platforms/android-15/arch-arm -X --eh-frame-hdr -m armelf_linux_eabi -dynamic-linker /system/bin/linker -o cmTC_c1c4f /Users/alizohrevand/Documents/ProgramingSdk/Android/sdk/ndk-bundle/platforms/android-15/arch-arm/usr/lib/../lib/crtbegin_dynamic.o -L/Users/alizohrevand/Documents/ProgramingSdk/Android/sdk/ndk-bundle/toolchains/arm-linux-androideabi-4.9/prebuilt/darwin-x86_64/lib/gcc/arm-linux-androideabi/4.9.x -L/Users/alizohrevand/Documents/ProgramingSdk/Android/sdk/ndk-bundle/toolchains/arm-linux-androideabi-4.9/prebuilt/darwin-x86_64/lib/gcc/arm-linux-androideabi/4.9.x/../../../../arm-linux-androideabi/lib/../lib -L/Users/alizohrevand/Documents/ProgramingSdk/Android/sdk/ndk-bundle/platforms/android-15/arch-arm/usr/lib/../lib -L/Users/alizohrevand/Documents/ProgramingSdk/Android/sdk/ndk-bundle/toolchains/arm-linux-androideabi-4.9/prebuilt/darwin-x86_64/lib/gcc/arm-linux-androideabi/4.9.x/../../../../arm-linux-androideabi/lib -L/Users/alizohrevand/Documents/ProgramingSdk/Android/sdk/ndk-bundle/platforms/android-15/arch-arm/usr/lib --build-id --warn-shared-textrel --fatal-warnings --no-undefined -z noexecstack -z relro -z now --gc-sections -z nocopyreloc --build-id --warn-shared-textrel --fatal-warnings --no-undefined -z noexecstack -z relro -z now --gc-sections -z nocopyreloc CMakeFiles/cmTC_c1c4f.dir/CMakeCCompilerABI.c.o -lgcc -ldl -lc -lgcc -ldl /Users/alizohrevand/Documents/ProgramingSdk/Android/sdk/ndk-bundle/platforms/android-15/arch-arm/usr/lib/../lib/crtend_android.o


Parsed C implicit link information from above output:
  link line regex: [^( *|.*[/\])(arm-linux-androideabi-ld|([^/\]+-)?ld|collect2)[^/\]*( |$)]
  ignore line: [Change Dir: /Users/alizohrevand/Desktop/Project/Android/HelloJNI/app/.externalNativeBuild/cmake/armRelease/armeabi/CMakeFiles/CMakeTmp]
  ignore line: []
  ignore line: [Run Build Command:"/Users/alizohrevand/Documents/ProgramingSdk/Android/sdk/cmake/3.6.3155560/bin/ninja" "cmTC_c1c4f"]
  ignore line: [[1/2] Building C object CMakeFiles/cmTC_c1c4f.dir/CMakeCCompilerABI.c.o]
  ignore line: [[2/2] Linking C executable cmTC_c1c4f]
  ignore line: [Android clang version 3.8.256229  (based on LLVM 3.8.256229)]
  ignore line: [Target: armv5te-none-linux-android]
  ignore line: [Thread model: posix]
  ignore line: [InstalledDir: /Users/alizohrevand/Documents/ProgramingSdk/Android/sdk/ndk-bundle/toolchains/llvm/prebuilt/darwin-x86_64/bin]
  ignore line: [Found candidate GCC installation: /Users/alizohrevand/Documents/ProgramingSdk/Android/sdk/ndk-bundle/toolchains/arm-linux-androideabi-4.9/prebuilt/darwin-x86_64/lib/gcc/arm-linux-androideabi/4.9.x]
  ignore line: [Selected GCC installation: /Users/alizohrevand/Documents/ProgramingSdk/Android/sdk/ndk-bundle/toolchains/arm-linux-androideabi-4.9/prebuilt/darwin-x86_64/lib/gcc/arm-linux-androideabi/4.9.x]
  ignore line: [Candidate multilib: .]
  ignore line: [@m32]
  ignore line: [Selected multilib: .]
  ignore line: [@m32]
  link line: [ "/Users/alizohrevand/Documents/ProgramingSdk/Android/sdk/ndk-bundle/toolchains/arm-linux-androideabi-4.9/prebuilt/darwin-x86_64/lib/gcc/arm-linux-androideabi/4.9.x/../../../../arm-linux-androideabi/bin/ld" --sysroot=/Users/alizohrevand/Documents/ProgramingSdk/Android/sdk/ndk-bundle/platforms/android-15/arch-arm -X --eh-frame-hdr -m armelf_linux_eabi -dynamic-linker /system/bin/linker -o cmTC_c1c4f /Users/alizohrevand/Documents/ProgramingSdk/Android/sdk/ndk-bundle/platforms/android-15/arch-arm/usr/lib/../lib/crtbegin_dynamic.o -L/Users/alizohrevand/Documents/ProgramingSdk/Android/sdk/ndk-bundle/toolchains/arm-linux-androideabi-4.9/prebuilt/darwin-x86_64/lib/gcc/arm-linux-androideabi/4.9.x -L/Users/alizohrevand/Documents/ProgramingSdk/Android/sdk/ndk-bundle/toolchains/arm-linux-androideabi-4.9/prebuilt/darwin-x86_64/lib/gcc/arm-linux-androideabi/4.9.x/../../../../arm-linux-androideabi/lib/../lib -L/Users/alizohrevand/Documents/ProgramingSdk/Android/sdk/ndk-bundle/platforms/android-15/arch-arm/usr/lib/../lib -L/Users/alizohrevand/Documents/ProgramingSdk/Android/sdk/ndk-bundle/toolchains/arm-linux-androideabi-4.9/prebuilt/darwin-x86_64/lib/gcc/arm-linux-androideabi/4.9.x/../../../../arm-linux-androideabi/lib -L/Users/alizohrevand/Documents/ProgramingSdk/Android/sdk/ndk-bundle/platforms/android-15/arch-arm/usr/lib --build-id --warn-shared-textrel --fatal-warnings --no-undefined -z noexecstack -z relro -z now --gc-sections -z nocopyreloc --build-id --warn-shared-textrel --fatal-warnings --no-undefined -z noexecstack -z relro -z now --gc-sections -z nocopyreloc CMakeFiles/cmTC_c1c4f.dir/CMakeCCompilerABI.c.o -lgcc -ldl -lc -lgcc -ldl /Users/alizohrevand/Documents/ProgramingSdk/Android/sdk/ndk-bundle/platforms/android-15/arch-arm/usr/lib/../lib/crtend_android.o]
    arg [/Users/alizohrevand/Documents/ProgramingSdk/Android/sdk/ndk-bundle/toolchains/arm-linux-androideabi-4.9/prebuilt/darwin-x86_64/lib/gcc/arm-linux-androideabi/4.9.x/../../../../arm-linux-androideabi/bin/ld] ==> ignore
    arg [--sysroot=/Users/alizohrevand/Documents/ProgramingSdk/Android/sdk/ndk-bundle/platforms/android-15/arch-arm] ==> ignore
    arg [-X] ==> ignore
    arg [--eh-frame-hdr] ==> ignore
    arg [-m] ==> ignore
    arg [armelf_linux_eabi] ==> ignore
    arg [-dynamic-linker] ==> ignore
    arg [/system/bin/linker] ==> ignore
    arg [-o] ==> ignore
    arg [cmTC_c1c4f] ==> ignore
    arg [/Users/alizohrevand/Documents/ProgramingSdk/Android/sdk/ndk-bundle/platforms/android-15/arch-arm/usr/lib/../lib/crtbegin_dynamic.o] ==> ignore
    arg [-L/Users/alizohrevand/Documents/ProgramingSdk/Android/sdk/ndk-bundle/toolchains/arm-linux-androideabi-4.9/prebuilt/darwin-x86_64/lib/gcc/arm-linux-androideabi/4.9.x] ==> dir [/Users/alizohrevand/Documents/ProgramingSdk/Android/sdk/ndk-bundle/toolchains/arm-linux-androideabi-4.9/prebuilt/darwin-x86_64/lib/gcc/arm-linux-androideabi/4.9.x]
    arg [-L/Users/alizohrevand/Documents/ProgramingSdk/Android/sdk/ndk-bundle/toolchains/arm-linux-androideabi-4.9/prebuilt/darwin-x86_64/lib/gcc/arm-linux-androideabi/4.9.x/../../../../arm-linux-androideabi/lib/../lib] ==> dir [/Users/alizohrevand/Documents/ProgramingSdk/Android/sdk/ndk-bundle/toolchains/arm-linux-androideabi-4.9/prebuilt/darwin-x86_64/lib/gcc/arm-linux-androideabi/4.9.x/../../../../arm-linux-androideabi/lib/../lib]
    arg [-L/Users/alizohrevand/Documents/ProgramingSdk/Android/sdk/ndk-bundle/platforms/android-15/arch-arm/usr/lib/../lib] ==> dir [/Users/alizohrevand/Documents/ProgramingSdk/Android/sdk/ndk-bundle/platforms/android-15/arch-arm/usr/lib/../lib]
    arg [-L/Users/alizohrevand/Documents/ProgramingSdk/Android/sdk/ndk-bundle/toolchains/arm-linux-androideabi-4.9/prebuilt/darwin-x86_64/lib/gcc/arm-linux-androideabi/4.9.x/../../../../arm-linux-androideabi/lib] ==> dir [/Users/alizohrevand/Documents/ProgramingSdk/Android/sdk/ndk-bundle/toolchains/arm-linux-androideabi-4.9/prebuilt/darwin-x86_64/lib/gcc/arm-linux-androideabi/4.9.x/../../../../arm-linux-androideabi/lib]
    arg [-L/Users/alizohrevand/Documents/ProgramingSdk/Android/sdk/ndk-bundle/platforms/android-15/arch-arm/usr/lib] ==> dir [/Users/alizohrevand/Documents/ProgramingSdk/Android/sdk/ndk-bundle/platforms/android-15/arch-arm/usr/lib]
    arg [--build-id] ==> ignore
    arg [--warn-shared-textrel] ==> ignore
    arg [--fatal-warnings] ==> ignore
    arg [--no-undefined] ==> ignore
    arg [-znoexecstack] ==> ignore
    arg [-zrelro] ==> ignore
    arg [-znow] ==> ignore
    arg [--gc-sections] ==> ignore
    arg [-znocopyreloc] ==> ignore
    arg [--build-id] ==> ignore
    arg [--warn-shared-textrel] ==> ignore
    arg [--fatal-warnings] ==> ignore
    arg [--no-undefined] ==> ignore
    arg [-znoexecstack] ==> ignore
    arg [-zrelro] ==> ignore
    arg [-znow] ==> ignore
    arg [--gc-sections] ==> ignore
    arg [-znocopyreloc] ==> ignore
    arg [CMakeFiles/cmTC_c1c4f.dir/CMakeCCompilerABI.c.o] ==> ignore
    arg [-lgcc] ==> lib [gcc]
    arg [-ldl] ==> lib [dl]
    arg [-lc] ==> lib [c]
    arg [-lgcc] ==> lib [gcc]
    arg [-ldl] ==> lib [dl]
    arg [/Users/alizohrevand/Documents/ProgramingSdk/Android/sdk/ndk-bundle/platforms/android-15/arch-arm/usr/lib/../lib/crtend_android.o] ==> ignore
  remove lib [gcc]
  remove lib [gcc]
  collapse library dir [/Users/alizohrevand/Documents/ProgramingSdk/Android/sdk/ndk-bundle/toolchains/arm-linux-androideabi-4.9/prebuilt/darwin-x86_64/lib/gcc/arm-linux-androideabi/4.9.x] ==> [/Users/alizohrevand/Documents/ProgramingSdk/Android/sdk/ndk-bundle/toolchains/arm-linux-androideabi-4.9/prebuilt/darwin-x86_64/lib/gcc/arm-linux-androideabi/4.9.x]
  collapse library dir [/Users/alizohrevand/Documents/ProgramingSdk/Android/sdk/ndk-bundle/toolchains/arm-linux-androideabi-4.9/prebuilt/darwin-x86_64/lib/gcc/arm-linux-androideabi/4.9.x/../../../../arm-linux-androideabi/lib/../lib] ==> [/Users/alizohrevand/Documents/ProgramingSdk/Android/sdk/ndk-bundle/toolchains/arm-linux-androideabi-4.9/prebuilt/darwin-x86_64/arm-linux-androideabi/lib]
  collapse library dir [/Users/alizohrevand/Documents/ProgramingSdk/Android/sdk/ndk-bundle/platforms/android-15/arch-arm/usr/lib/../lib] ==> [/Users/alizohrevand/Documents/ProgramingSdk/Android/sdk/ndk-bundle/platforms/android-15/arch-arm/usr/lib]
  collapse library dir [/Users/alizohrevand/Documents/ProgramingSdk/Android/sdk/ndk-bundle/toolchains/arm-linux-androideabi-4.9/prebuilt/darwin-x86_64/lib/gcc/arm-linux-androideabi/4.9.x/../../../../arm-linux-androideabi/lib] ==> [/Users/alizohrevand/Documents/ProgramingSdk/Android/sdk/ndk-bundle/toolchains/arm-linux-androideabi-4.9/prebuilt/darwin-x86_64/arm-linux-androideabi/lib]
  collapse library dir [/Users/alizohrevand/Documents/ProgramingSdk/Android/sdk/ndk-bundle/platforms/android-15/arch-arm/usr/lib] ==> [/Users/alizohrevand/Documents/ProgramingSdk/Android/sdk/ndk-bundle/platforms/android-15/arch-arm/usr/lib]
  implicit libs: [dl;c;dl]
  implicit dirs: [/Users/alizohrevand/Documents/ProgramingSdk/Android/sdk/ndk-bundle/toolchains/arm-linux-androideabi-4.9/prebuilt/darwin-x86_64/lib/gcc/arm-linux-androideabi/4.9.x;/Users/alizohrevand/Documents/ProgramingSdk/Android/sdk/ndk-bundle/toolchains/arm-linux-androideabi-4.9/prebuilt/darwin-x86_64/arm-linux-androideabi/lib;/Users/alizohrevand/Documents/ProgramingSdk/Android/sdk/ndk-bundle/platforms/android-15/arch-arm/usr/lib]
  implicit fwks: []


Determining if the CXX compiler works passed with the following output:
Change Dir: /Users/alizohrevand/Desktop/Project/Android/HelloJNI/app/.externalNativeBuild/cmake/armRelease/armeabi/CMakeFiles/CMakeTmp

Run Build Command:"/Users/alizohrevand/Documents/ProgramingSdk/Android/sdk/cmake/3.6.3155560/bin/ninja" "cmTC_469b8"
[1/2] Building CXX object CMakeFiles/cmTC_469b8.dir/testCXXCompiler.cxx.o
[2/2] Linking CXX executable cmTC_469b8


Detecting CXX compiler ABI info compiled with the following output:
Change Dir: /Users/alizohrevand/Desktop/Project/Android/HelloJNI/app/.externalNativeBuild/cmake/armRelease/armeabi/CMakeFiles/CMakeTmp

Run Build Command:"/Users/alizohrevand/Documents/ProgramingSdk/Android/sdk/cmake/3.6.3155560/bin/ninja" "cmTC_3c1ba"
[1/2] Building CXX object CMakeFiles/cmTC_3c1ba.dir/CMakeCXXCompilerABI.cpp.o
[2/2] Linking CXX executable cmTC_3c1ba
Android clang version 3.8.256229  (based on LLVM 3.8.256229)
Target: armv5te-none-linux-android
Thread model: posix
InstalledDir: /Users/alizohrevand/Documents/ProgramingSdk/Android/sdk/ndk-bundle/toolchains/llvm/prebuilt/darwin-x86_64/bin
Found candidate GCC installation: /Users/alizohrevand/Documents/ProgramingSdk/Android/sdk/ndk-bundle/toolchains/arm-linux-androideabi-4.9/prebuilt/darwin-x86_64/lib/gcc/arm-linux-androideabi/4.9.x
Selected GCC installation: /Users/alizohrevand/Documents/ProgramingSdk/Android/sdk/ndk-bundle/toolchains/arm-linux-androideabi-4.9/prebuilt/darwin-x86_64/lib/gcc/arm-linux-androideabi/4.9.x
Candidate multilib: .;@m32
Selected multilib: .;@m32
 "/Users/alizohrevand/Documents/ProgramingSdk/Android/sdk/ndk-bundle/toolchains/arm-linux-androideabi-4.9/prebuilt/darwin-x86_64/lib/gcc/arm-linux-androideabi/4.9.x/../../../../arm-linux-androideabi/bin/ld" --sysroot=/Users/alizohrevand/Documents/ProgramingSdk/Android/sdk/ndk-bundle/platforms/android-15/arch-arm -X --eh-frame-hdr -m armelf_linux_eabi -dynamic-linker /system/bin/linker -o cmTC_3c1ba /Users/alizohrevand/Documents/ProgramingSdk/Android/sdk/ndk-bundle/platforms/android-15/arch-arm/usr/lib/../lib/crtbegin_dynamic.o -L/Users/alizohrevand/Documents/ProgramingSdk/Android/sdk/ndk-bundle/toolchains/arm-linux-androideabi-4.9/prebuilt/darwin-x86_64/lib/gcc/arm-linux-androideabi/4.9.x -L/Users/alizohrevand/Documents/ProgramingSdk/Android/sdk/ndk-bundle/toolchains/arm-linux-androideabi-4.9/prebuilt/darwin-x86_64/lib/gcc/arm-linux-androideabi/4.9.x/../../../../arm-linux-androideabi/lib/../lib -L/Users/alizohrevand/Documents/ProgramingSdk/Android/sdk/ndk-bundle/platforms/android-15/arch-arm/usr/lib/../lib -L/Users/alizohrevand/Documents/ProgramingSdk/Android/sdk/ndk-bundle/toolchains/arm-linux-androideabi-4.9/prebuilt/darwin-x86_64/lib/gcc/arm-linux-androideabi/4.9.x/../../../../arm-linux-androideabi/lib -L/Users/alizohrevand/Documents/ProgramingSdk/Android/sdk/ndk-bundle/platforms/android-15/arch-arm/usr/lib --build-id --warn-shared-textrel --fatal-warnings --no-undefined -z noexecstack -z relro -z now --gc-sections -z nocopyreloc --build-id --warn-shared-textrel --fatal-warnings --no-undefined -z noexecstack -z relro -z now --gc-sections -z nocopyreloc CMakeFiles/cmTC_3c1ba.dir/CMakeCXXCompilerABI.cpp.o -lstdc++ -lm -lgcc -lgcc -ldl -lc -lgcc -lgcc -ldl /Users/alizohrevand/Documents/ProgramingSdk/Android/sdk/ndk-bundle/platforms/android-15/arch-arm/usr/lib/../lib/crtend_android.o


Parsed CXX implicit link information from above output:
  link line regex: [^( *|.*[/\])(arm-linux-androideabi-ld|([^/\]+-)?ld|collect2)[^/\]*( |$)]
  ignore line: [Change Dir: /Users/alizohrevand/Desktop/Project/Android/HelloJNI/app/.externalNativeBuild/cmake/armRelease/armeabi/CMakeFiles/CMakeTmp]
  ignore line: []
  ignore line: [Run Build Command:"/Users/alizohrevand/Documents/ProgramingSdk/Android/sdk/cmake/3.6.3155560/bin/ninja" "cmTC_3c1ba"]
  ignore line: [[1/2] Building CXX object CMakeFiles/cmTC_3c1ba.dir/CMakeCXXCompilerABI.cpp.o]
  ignore line: [[2/2] Linking CXX executable cmTC_3c1ba]
  ignore line: [Android clang version 3.8.256229  (based on LLVM 3.8.256229)]
  ignore line: [Target: armv5te-none-linux-android]
  ignore line: [Thread model: posix]
  ignore line: [InstalledDir: /Users/alizohrevand/Documents/ProgramingSdk/Android/sdk/ndk-bundle/toolchains/llvm/prebuilt/darwin-x86_64/bin]
  ignore line: [Found candidate GCC installation: /Users/alizohrevand/Documents/ProgramingSdk/Android/sdk/ndk-bundle/toolchains/arm-linux-androideabi-4.9/prebuilt/darwin-x86_64/lib/gcc/arm-linux-androideabi/4.9.x]
  ignore line: [Selected GCC installation: /Users/alizohrevand/Documents/ProgramingSdk/Android/sdk/ndk-bundle/toolchains/arm-linux-androideabi-4.9/prebuilt/darwin-x86_64/lib/gcc/arm-linux-androideabi/4.9.x]
  ignore line: [Candidate multilib: .]
  ignore line: [@m32]
  ignore line: [Selected multilib: .]
  ignore line: [@m32]
  link line: [ "/Users/alizohrevand/Documents/ProgramingSdk/Android/sdk/ndk-bundle/toolchains/arm-linux-androideabi-4.9/prebuilt/darwin-x86_64/lib/gcc/arm-linux-androideabi/4.9.x/../../../../arm-linux-androideabi/bin/ld" --sysroot=/Users/alizohrevand/Documents/ProgramingSdk/Android/sdk/ndk-bundle/platforms/android-15/arch-arm -X --eh-frame-hdr -m armelf_linux_eabi -dynamic-linker /system/bin/linker -o cmTC_3c1ba /Users/alizohrevand/Documents/ProgramingSdk/Android/sdk/ndk-bundle/platforms/android-15/arch-arm/usr/lib/../lib/crtbegin_dynamic.o -L/Users/alizohrevand/Documents/ProgramingSdk/Android/sdk/ndk-bundle/toolchains/arm-linux-androideabi-4.9/prebuilt/darwin-x86_64/lib/gcc/arm-linux-androideabi/4.9.x -L/Users/alizohrevand/Documents/ProgramingSdk/Android/sdk/ndk-bundle/toolchains/arm-linux-androideabi-4.9/prebuilt/darwin-x86_64/lib/gcc/arm-linux-androideabi/4.9.x/../../../../arm-linux-androideabi/lib/../lib -L/Users/alizohrevand/Documents/ProgramingSdk/Android/sdk/ndk-bundle/platforms/android-15/arch-arm/usr/lib/../lib -L/Users/alizohrevand/Documents/ProgramingSdk/Android/sdk/ndk-bundle/toolchains/arm-linux-androideabi-4.9/prebuilt/darwin-x86_64/lib/gcc/arm-linux-androideabi/4.9.x/../../../../arm-linux-androideabi/lib -L/Users/alizohrevand/Documents/ProgramingSdk/Android/sdk/ndk-bundle/platforms/android-15/arch-arm/usr/lib --build-id --warn-shared-textrel --fatal-warnings --no-undefined -z noexecstack -z relro -z now --gc-sections -z nocopyreloc --build-id --warn-shared-textrel --fatal-warnings --no-undefined -z noexecstack -z relro -z now --gc-sections -z nocopyreloc CMakeFiles/cmTC_3c1ba.dir/CMakeCXXCompilerABI.cpp.o -lstdc++ -lm -lgcc -lgcc -ldl -lc -lgcc -lgcc -ldl /Users/alizohrevand/Documents/ProgramingSdk/Android/sdk/ndk-bundle/platforms/android-15/arch-arm/usr/lib/../lib/crtend_android.o]
    arg [/Users/alizohrevand/Documents/ProgramingSdk/Android/sdk/ndk-bundle/toolchains/arm-linux-androideabi-4.9/prebuilt/darwin-x86_64/lib/gcc/arm-linux-androideabi/4.9.x/../../../../arm-linux-androideabi/bin/ld] ==> ignore
    arg [--sysroot=/Users/alizohrevand/Documents/ProgramingSdk/Android/sdk/ndk-bundle/platforms/android-15/arch-arm] ==> ignore
    arg [-X] ==> ignore
    arg [--eh-frame-hdr] ==> ignore
    arg [-m] ==> ignore
    arg [armelf_linux_eabi] ==> ignore
    arg [-dynamic-linker] ==> ignore
    arg [/system/bin/linker] ==> ignore
    arg [-o] ==> ignore
    arg [cmTC_3c1ba] ==> ignore
    arg [/Users/alizohrevand/Documents/ProgramingSdk/Android/sdk/ndk-bundle/platforms/android-15/arch-arm/usr/lib/../lib/crtbegin_dynamic.o] ==> ignore
    arg [-L/Users/alizohrevand/Documents/ProgramingSdk/Android/sdk/ndk-bundle/toolchains/arm-linux-androideabi-4.9/prebuilt/darwin-x86_64/lib/gcc/arm-linux-androideabi/4.9.x] ==> dir [/Users/alizohrevand/Documents/ProgramingSdk/Android/sdk/ndk-bundle/toolchains/arm-linux-androideabi-4.9/prebuilt/darwin-x86_64/lib/gcc/arm-linux-androideabi/4.9.x]
    arg [-L/Users/alizohrevand/Documents/ProgramingSdk/Android/sdk/ndk-bundle/toolchains/arm-linux-androideabi-4.9/prebuilt/darwin-x86_64/lib/gcc/arm-linux-androideabi/4.9.x/../../../../arm-linux-androideabi/lib/../lib] ==> dir [/Users/alizohrevand/Documents/ProgramingSdk/Android/sdk/ndk-bundle/toolchains/arm-linux-androideabi-4.9/prebuilt/darwin-x86_64/lib/gcc/arm-linux-androideabi/4.9.x/../../../../arm-linux-androideabi/lib/../lib]
    arg [-L/Users/alizohrevand/Documents/ProgramingSdk/Android/sdk/ndk-bundle/platforms/android-15/arch-arm/usr/lib/../lib] ==> dir [/Users/alizohrevand/Documents/ProgramingSdk/Android/sdk/ndk-bundle/platforms/android-15/arch-arm/usr/lib/../lib]
    arg [-L/Users/alizohrevand/Documents/ProgramingSdk/Android/sdk/ndk-bundle/toolchains/arm-linux-androideabi-4.9/prebuilt/darwin-x86_64/lib/gcc/arm-linux-androideabi/4.9.x/../../../../arm-linux-androideabi/lib] ==> dir [/Users/alizohrevand/Documents/ProgramingSdk/Android/sdk/ndk-bundle/toolchains/arm-linux-androideabi-4.9/prebuilt/darwin-x86_64/lib/gcc/arm-linux-androideabi/4.9.x/../../../../arm-linux-androideabi/lib]
    arg [-L/Users/alizohrevand/Documents/ProgramingSdk/Android/sdk/ndk-bundle/platforms/android-15/arch-arm/usr/lib] ==> dir [/Users/alizohrevand/Documents/ProgramingSdk/Android/sdk/ndk-bundle/platforms/android-15/arch-arm/usr/lib]
    arg [--build-id] ==> ignore
    arg [--warn-shared-textrel] ==> ignore
    arg [--fatal-warnings] ==> ignore
    arg [--no-undefined] ==> ignore
    arg [-znoexecstack] ==> ignore
    arg [-zrelro] ==> ignore
    arg [-znow] ==> ignore
    arg [--gc-sections] ==> ignore
    arg [-znocopyreloc] ==> ignore
    arg [--build-id] ==> ignore
    arg [--warn-shared-textrel] ==> ignore
    arg [--fatal-warnings] ==> ignore
    arg [--no-undefined] ==> ignore
    arg [-znoexecstack] ==> ignore
    arg [-zrelro] ==> ignore
    arg [-znow] ==> ignore
    arg [--gc-sections] ==> ignore
    arg [-znocopyreloc] ==> ignore
    arg [CMakeFiles/cmTC_3c1ba.dir/CMakeCXXCompilerABI.cpp.o] ==> ignore
    arg [-lstdc++] ==> lib [stdc++]
    arg [-lm] ==> lib [m]
    arg [-lgcc] ==> lib [gcc]
    arg [-lgcc] ==> lib [gcc]
    arg [-ldl] ==> lib [dl]
    arg [-lc] ==> lib [c]
    arg [-lgcc] ==> lib [gcc]
    arg [-lgcc] ==> lib [gcc]
    arg [-ldl] ==> lib [dl]
    arg [/Users/alizohrevand/Documents/ProgramingSdk/Android/sdk/ndk-bundle/platforms/android-15/arch-arm/usr/lib/../lib/crtend_android.o] ==> ignore
  remove lib [gcc]
  remove lib [gcc]
  remove lib [gcc]
  remove lib [gcc]
  collapse library dir [/Users/alizohrevand/Documents/ProgramingSdk/Android/sdk/ndk-bundle/toolchains/arm-linux-androideabi-4.9/prebuilt/darwin-x86_64/lib/gcc/arm-linux-androideabi/4.9.x] ==> [/Users/alizohrevand/Documents/ProgramingSdk/Android/sdk/ndk-bundle/toolchains/arm-linux-androideabi-4.9/prebuilt/darwin-x86_64/lib/gcc/arm-linux-androideabi/4.9.x]
  collapse library dir [/Users/alizohrevand/Documents/ProgramingSdk/Android/sdk/ndk-bundle/toolchains/arm-linux-androideabi-4.9/prebuilt/darwin-x86_64/lib/gcc/arm-linux-androideabi/4.9.x/../../../../arm-linux-androideabi/lib/../lib] ==> [/Users/alizohrevand/Documents/ProgramingSdk/Android/sdk/ndk-bundle/toolchains/arm-linux-androideabi-4.9/prebuilt/darwin-x86_64/arm-linux-androideabi/lib]
  collapse library dir [/Users/alizohrevand/Documents/ProgramingSdk/Android/sdk/ndk-bundle/platforms/android-15/arch-arm/usr/lib/../lib] ==> [/Users/alizohrevand/Documents/ProgramingSdk/Android/sdk/ndk-bundle/platforms/android-15/arch-arm/usr/lib]
  collapse library dir [/Users/alizohrevand/Documents/ProgramingSdk/Android/sdk/ndk-bundle/toolchains/arm-linux-androideabi-4.9/prebuilt/darwin-x86_64/lib/gcc/arm-linux-androideabi/4.9.x/../../../../arm-linux-androideabi/lib] ==> [/Users/alizohrevand/Documents/ProgramingSdk/Android/sdk/ndk-bundle/toolchains/arm-linux-androideabi-4.9/prebuilt/darwin-x86_64/arm-linux-androideabi/lib]
  collapse library dir [/Users/alizohrevand/Documents/ProgramingSdk/Android/sdk/ndk-bundle/platforms/android-15/arch-arm/usr/lib] ==> [/Users/alizohrevand/Documents/ProgramingSdk/Android/sdk/ndk-bundle/platforms/android-15/arch-arm/usr/lib]
  implicit libs: [stdc++;m;dl;c;dl]
  implicit dirs: [/Users/alizohrevand/Documents/ProgramingSdk/Android/sdk/ndk-bundle/toolchains/arm-linux-androideabi-4.9/prebuilt/darwin-x86_64/lib/gcc/arm-linux-androideabi/4.9.x;/Users/alizohrevand/Documents/ProgramingSdk/Android/sdk/ndk-bundle/toolchains/arm-linux-androideabi-4.9/prebuilt/darwin-x86_64/arm-linux-androideabi/lib;/Users/alizohrevand/Documents/ProgramingSdk/Android/sdk/ndk-bundle/platforms/android-15/arch-arm/usr/lib]
  implicit fwks: []


